<?xml version="1.0" encoding="UTF-8"?>
<beans xmlns="http://www.springframework.org/schema/beans"
       xmlns:xsi="http://www.w3.org/2001/XMLSchema-instance"
       xmlns:context="http://www.springframework.org/schema/context"
       xsi:schemaLocation="http://www.springframework.org/schema/beans http://www.springframework.org/schema/beans/spring-beans-4.1.xsd

	http://www.springframework.org/schema/context http://www.springframework.org/schema/context/spring-context-4.1.xsd">

    <context:property-placeholder location="classpath*:conf/dubbo-app-role-conf.properties" ignore-unresolvable="true"/>

    <import resource="classpath*:conf/data-appCtx.xml" />
    <import resource="classpath*:conf/soul-commons.xml" />
    <import resource="classpath*:conf/soul-cache.xml" />
    <import resource="classpath*:conf/soul-service-notice.xml" />
    <import resource="classpath*:conf/soul-dubbo-base.xml" />
    <import resource="classpath*:conf/soul-dubbo-cache.xml" />
    <import resource="classpath*:conf/soul-dubbo-provider-base.xml" />

    <import resource="classpath*:conf/schedule-dubbo-bean.xml"/>
    <!--<import resource="classpath*:conf/schedule-*-provider.xml"/>-->
    <!--<import resource="classpath*:conf/schedule-quartz-appCtx.xml"/>-->
    <import resource="classpath*:conf/schedule-quartz-jobs.xml"/>
    <import resource="classpath*:conf/schedule-quartz-sitejobs.xml"/>

    <!--<import resource="classpath*:conf/service-provider-*.xml" />-->
    <!--<import resource="classpath*:conf/service-provider-soul-dubbo.xml" />-->

    <import resource="classpath*:conf/service-dubbo-consumer.xml" />
    <import resource="classpath*:conf/service-*-bean.xml" />
    <!--<import resource="classpath*:conf/service-*-provider.xml" />-->
    <import resource="classpath*:conf/service-mq-*.xml" />
    <import resource="classpath*:conf/service-cache-appCtx.xml" />

    <import resource="classpath*:conf/service-monitor-aopclient-bean.xml" />


    <context:component-scan base-package="so.wwb.gamebox.service">
        <context:exclude-filter type="annotation"
                                expression="org.springframework.stereotype.Controller"></context:exclude-filter>
    </context:component-scan>
</beans>
